2022-08-19 15:00:10.870  INFO 1 --- [main] o.f.s.m.u.MsvcUsuariosApplication        : Starting MsvcUsuariosApplication v0.0.1-SNAPSHOT using Java 1.8.0_212 on 2dfc502a27de with PID 1 (/app/msvc-usuarios-0.0.1-SNAPSHOT.jar started by root in /app)
2022-08-19 15:00:10.874  INFO 1 --- [main] o.f.s.m.u.MsvcUsuariosApplication        : No active profile set, falling back to 1 default profile: "default"
2022-08-19 15:00:12.811  INFO 1 --- [main] .s.d.r.c.RepositoryConfigurationDelegate : Bootstrapping Spring Data JPA repositories in DEFAULT mode.
2022-08-19 15:00:12.875  INFO 1 --- [main] .s.d.r.c.RepositoryConfigurationDelegate : Finished Spring Data repository scanning in 53 ms. Found 1 JPA repository interfaces.
2022-08-19 15:00:13.177  INFO 1 --- [main] o.s.cloud.context.scope.GenericScope     : BeanFactory id=df67a566-fab5-3e4c-9834-ddacd2c86747
2022-08-19 15:00:13.962  INFO 1 --- [main] o.s.b.w.embedded.tomcat.TomcatWebServer  : Tomcat initialized with port(s): 8001 (http)
2022-08-19 15:00:14.005  INFO 1 --- [main] o.apache.catalina.core.StandardService   : Starting service [Tomcat]
2022-08-19 15:00:14.006  INFO 1 --- [main] org.apache.catalina.core.StandardEngine  : Starting Servlet engine: [Apache Tomcat/9.0.65]
2022-08-19 15:00:14.216  INFO 1 --- [main] o.a.c.c.C.[Tomcat].[localhost].[/]       : Initializing Spring embedded WebApplicationContext
2022-08-19 15:00:14.216  INFO 1 --- [main] w.s.c.ServletWebServerApplicationContext : Root WebApplicationContext: initialization completed in 3133 ms
2022-08-19 15:00:14.407  INFO 1 --- [main] com.zaxxer.hikari.HikariDataSource       : HikariPool-1 - Starting...
2022-08-19 15:00:14.851  INFO 1 --- [main] com.zaxxer.hikari.HikariDataSource       : HikariPool-1 - Start completed.
2022-08-19 15:00:14.919  INFO 1 --- [main] o.hibernate.jpa.internal.util.LogHelper  : HHH000204: Processing PersistenceUnitInfo [name: default]
2022-08-19 15:00:14.989  INFO 1 --- [main] org.hibernate.Version                    : HHH000412: Hibernate ORM core version 5.6.10.Final
2022-08-19 15:00:15.308  INFO 1 --- [main] o.hibernate.annotations.common.Version   : HCANN000001: Hibernate Commons Annotations {5.1.2.Final}
2022-08-19 15:00:15.554  INFO 1 --- [main] org.hibernate.dialect.Dialect            : HHH000400: Using dialect: org.hibernate.dialect.MySQL8Dialect
2022-08-19 15:00:16.527  INFO 1 --- [main] o.h.e.t.j.p.i.JtaPlatformInitiator       : HHH000490: Using JtaPlatform implementation: [org.hibernate.engine.transaction.jta.platform.internal.NoJtaPlatform]
2022-08-19 15:00:16.539  INFO 1 --- [main] j.LocalContainerEntityManagerFactoryBean : Initialized JPA EntityManagerFactory for persistence unit 'default'
2022-08-19 15:00:18.105  WARN 1 --- [main] JpaBaseConfiguration$JpaWebConfiguration : spring.jpa.open-in-view is enabled by default. Therefore, database queries may be performed during view rendering. Explicitly configure spring.jpa.open-in-view to disable this warning
2022-08-19 15:00:18.785  INFO 1 --- [main] o.s.b.w.embedded.tomcat.TomcatWebServer  : Tomcat started on port(s): 8001 (http) with context path ''
2022-08-19 15:00:18.795  INFO 1 --- [main] o.f.s.m.u.MsvcUsuariosApplication        : Started MsvcUsuariosApplication in 8.694 seconds (JVM running for 9.283)
